{
  "RSpec": {
    "coverage": {
      "/Users/geronimo/Projects/pcg/spec/factories/accounts.rb": {
        "lines": [
          1,
          1,
          1,
          1,
          1,
          1,
          null,
          null
        ],
        "branches": {
        }
      },
      "/Users/geronimo/Projects/pcg/spec/factories/calls.rb": {
        "lines": [
          1,
          1,
          null,
          null,
          null
        ],
        "branches": {
        }
      },
      "/Users/geronimo/Projects/pcg/spec/factories/notes.rb": {
        "lines": [
          1,
          1,
          null,
          null,
          null
        ],
        "branches": {
        }
      },
      "/Users/geronimo/Projects/pcg/spec/factories/users.rb": {
        "lines": [
          1,
          1,
          1,
          1,
          1,
          1,
          null,
          null
        ],
        "branches": {
        }
      },
      "/Users/geronimo/Projects/pcg/app/models/user.rb": {
        "lines": [
          1,
          1,
          null,
          1,
          null,
          null,
          null,
          null,
          1,
          null,
          1,
          null,
          1,
          null,
          1,
          0,
          null,
          null,
          1,
          0,
          null,
          null,
          1,
          0,
          null,
          null,
          1,
          0,
          null,
          null,
          1,
          0,
          0,
          null,
          null
        ],
        "branches": {
        }
      },
      "/Users/geronimo/Projects/pcg/app/models/application_record.rb": {
        "lines": [
          1,
          1,
          null
        ],
        "branches": {
        }
      },
      "/Users/geronimo/Projects/pcg/app/models/jwt_blacklist.rb": {
        "lines": [
          1,
          1,
          null,
          1,
          null
        ],
        "branches": {
        }
      },
      "/Users/geronimo/Projects/pcg/lib/login_failure.rb": {
        "lines": [
          1,
          1,
          null,
          0,
          null,
          null,
          null,
          null,
          null,
          null,
          null,
          null,
          null,
          null,
          null
        ],
        "branches": {
        }
      },
      "/Users/geronimo/Projects/pcg/app/controllers/application_controller.rb": {
        "lines": [
          1,
          1,
          null,
          1,
          0,
          0,
          null,
          0,
          null,
          null,
          null,
          1,
          0,
          null,
          null,
          null,
          null,
          null,
          null,
          null,
          null,
          null,
          null,
          null,
          1,
          1,
          0,
          null,
          null
        ],
        "branches": {
          "[:if, 0, 5, 4, 9, 7]": {
            "[:then, 1, 6, 6, 6, 27]": 0,
            "[:else, 2, 8, 6, 8, 32]": 0
          },
          "[:unless, 3, 27, 4, 27, 77]": {
            "[:else, 4, 27, 4, 27, 77]": 0,
            "[:then, 5, 27, 4, 27, 26]": 0
          }
        }
      },
      "/Users/geronimo/Projects/pcg/app/helpers/application_helper.rb": {
        "lines": [
          1,
          null
        ],
        "branches": {
        }
      },
      "/Users/geronimo/Projects/pcg/app/controllers/static_controller.rb": {
        "lines": [
          1,
          1,
          null,
          1,
          1,
          null,
          1,
          null,
          null,
          1,
          1,
          83,
          77,
          null,
          6,
          null,
          null,
          83,
          83,
          83,
          null,
          null,
          83,
          null,
          null,
          83,
          83,
          null,
          83,
          83,
          null,
          83,
          null,
          null
        ],
        "branches": {
          "[:if, 0, 12, 4, 16, 7]": {
            "[:then, 1, 13, 6, 13, 64]": 77,
            "[:else, 2, 15, 6, 15, 38]": 6
          }
        }
      },
      "/Users/geronimo/Projects/pcg/app/controllers/sessions_controller.rb": {
        "lines": [
          1,
          1,
          null,
          1,
          null,
          1,
          10,
          null,
          null,
          1,
          0,
          null,
          null
        ],
        "branches": {
        }
      },
      "/Users/geronimo/Projects/pcg/app/controllers/registrations_controller.rb": {
        "lines": [
          1,
          1,
          null,
          1,
          1,
          null,
          0,
          0,
          null,
          null,
          1,
          null,
          null,
          1,
          1,
          null,
          null
        ],
        "branches": {
        }
      }
    },
    "timestamp": 1590398344
  }
}
