{
  "RSpec": {
    "coverage": {
      "/Users/geronimo/Projects/pcg/spec/models/account_spec.rb": {
        "lines": [
          1,
          null,
          1,
          1,
          null
        ],
        "branches": {
        }
      },
      "/Users/geronimo/Projects/pcg/spec/rails_helper.rb": {
        "lines": [
          null,
          1,
          1,
          1,
          null,
          1,
          1,
          null,
          null,
          null,
          null,
          null,
          null,
          null,
          null,
          null,
          null,
          null,
          null,
          null,
          null,
          null,
          null,
          4,
          null,
          null,
          null,
          null,
          1,
          null,
          0,
          0,
          null,
          1,
          null,
          1,
          null,
          null,
          null,
          null,
          1,
          null,
          null,
          null,
          null,
          null,
          null,
          null,
          null,
          null,
          null,
          null,
          null,
          null,
          null,
          null,
          null,
          null,
          1,
          null,
          null,
          1,
          null,
          null,
          null
        ],
        "branches": {
          "[:if, 0, 6, 0, 6, 86]": {
            "[:then, 1, 6, 0, 6, 61]": 0,
            "[:else, 2, 6, 0, 6, 86]": 1
          }
        }
      },
      "/Users/geronimo/Projects/pcg/spec/factories/accounts.rb": {
        "lines": [
          1,
          1,
          1,
          1,
          1,
          1,
          null,
          null
        ],
        "branches": {
        }
      },
      "/Users/geronimo/Projects/pcg/spec/factories/calls.rb": {
        "lines": [
          1,
          1,
          null,
          null,
          null
        ],
        "branches": {
        }
      },
      "/Users/geronimo/Projects/pcg/spec/factories/notes.rb": {
        "lines": [
          1,
          1,
          null,
          null,
          null
        ],
        "branches": {
        }
      },
      "/Users/geronimo/Projects/pcg/spec/factories/users.rb": {
        "lines": [
          1,
          1,
          41,
          39,
          41,
          41,
          null,
          null
        ],
        "branches": {
        }
      },
      "/Users/geronimo/Projects/pcg/app/models/user.rb": {
        "lines": [
          1,
          1,
          null,
          1,
          null,
          null,
          null,
          null,
          1,
          null,
          1,
          null,
          1,
          null,
          1,
          5,
          null,
          null,
          1,
          45,
          null,
          null,
          1,
          0,
          null,
          null,
          1,
          0,
          null,
          null,
          1,
          2,
          2,
          null,
          null
        ],
        "branches": {
        }
      },
      "/Users/geronimo/Projects/pcg/app/models/application_record.rb": {
        "lines": [
          1,
          1,
          null
        ],
        "branches": {
        }
      },
      "/Users/geronimo/Projects/pcg/app/models/jwt_blacklist.rb": {
        "lines": [
          1,
          1,
          null,
          1,
          null
        ],
        "branches": {
        }
      },
      "/Users/geronimo/Projects/pcg/lib/login_failure.rb": {
        "lines": [
          1,
          1,
          null,
          2,
          null,
          null,
          null,
          null,
          null,
          null,
          null,
          null,
          null,
          null,
          null
        ],
        "branches": {
        }
      },
      "/Users/geronimo/Projects/pcg/app/helpers/application_helper.rb": {
        "lines": [
          1,
          null
        ],
        "branches": {
        }
      },
      "/Users/geronimo/Projects/pcg/spec/support/devise.rb": {
        "lines": [
          1,
          null,
          1,
          1,
          1,
          1,
          1,
          null
        ],
        "branches": {
        }
      },
      "/Users/geronimo/Projects/pcg/spec/support/request_macros.rb": {
        "lines": [
          1,
          1,
          5,
          33,
          33,
          null,
          null,
          null
        ],
        "branches": {
        }
      },
      "/Users/geronimo/Projects/pcg/spec/support/factory_bot.rb": {
        "lines": [
          null,
          null,
          1,
          1,
          null
        ],
        "branches": {
        }
      },
      "/Users/geronimo/Projects/pcg/app/models/account.rb": {
        "lines": [
          1,
          1,
          1,
          null,
          1,
          1,
          null
        ],
        "branches": {
        }
      },
      "/Users/geronimo/Projects/pcg/app/models/concerns/address_helper.rb": {
        "lines": [
          1,
          null,
          1,
          1,
          null,
          1,
          1,
          null,
          1,
          null,
          null,
          null,
          null,
          null,
          null,
          null,
          null,
          null,
          null,
          null,
          null,
          null,
          null,
          null,
          null,
          null,
          null,
          null,
          null,
          null,
          null,
          null,
          null,
          null,
          null,
          null,
          null,
          null,
          null,
          null,
          null,
          null,
          null,
          null,
          null,
          null,
          null,
          null,
          null,
          null,
          null,
          null,
          null,
          null,
          null,
          null,
          null,
          null,
          null,
          null,
          null,
          null,
          null,
          null,
          null,
          null,
          null,
          null,
          null,
          null,
          null,
          1,
          0,
          null,
          null,
          null,
          1,
          1,
          null,
          0,
          null,
          null,
          null,
          null,
          null,
          null,
          null,
          null,
          null,
          null,
          null,
          null,
          null,
          null,
          null,
          null,
          null,
          null,
          null,
          null,
          null,
          null,
          null,
          null,
          null,
          null,
          null,
          null,
          null,
          null,
          null,
          null,
          null,
          null,
          null,
          null,
          null,
          null,
          null,
          null,
          null,
          null,
          null,
          null,
          null,
          null,
          null,
          null,
          null,
          null,
          null,
          null,
          null,
          null,
          null,
          null,
          null,
          null,
          null,
          null,
          null,
          null,
          1,
          0,
          null,
          0,
          0,
          0,
          null,
          0,
          null,
          null,
          0,
          null,
          0,
          null,
          null,
          null
        ],
        "branches": {
          "[:unless, 0, 144, 6, 144, 29]": {
            "[:else, 1, 144, 6, 144, 29]": 0,
            "[:then, 2, 144, 6, 144, 16]": 0
          },
          "[:if, 3, 147, 8, 151, 11]": {
            "[:then, 4, 148, 10, 148, 36]": 0,
            "[:else, 5, 150, 10, 150, 31]": 0
          },
          "[:unless, 6, 153, 6, 153, 62]": {
            "[:else, 7, 153, 6, 153, 62]": 0,
            "[:then, 8, 153, 6, 153, 16]": 0
          }
        }
      },
      "/Users/geronimo/Projects/pcg/app/models/concerns/phone_helper.rb": {
        "lines": [
          1,
          null,
          1,
          1,
          null,
          1,
          1,
          1,
          null,
          1,
          0,
          null,
          null,
          null,
          1,
          1,
          0,
          null,
          null,
          null
        ],
        "branches": {
        }
      },
      "/Users/geronimo/Projects/pcg/spec/models/call_spec.rb": {
        "lines": [
          1,
          null,
          1,
          1,
          null
        ],
        "branches": {
        }
      },
      "/Users/geronimo/Projects/pcg/app/models/call.rb": {
        "lines": [
          1,
          null
        ],
        "branches": {
        }
      },
      "/Users/geronimo/Projects/pcg/spec/models/note_spec.rb": {
        "lines": [
          1,
          null,
          1,
          1,
          null
        ],
        "branches": {
        }
      },
      "/Users/geronimo/Projects/pcg/app/models/note.rb": {
        "lines": [
          1,
          1,
          null,
          null,
          null,
          null,
          null,
          null
        ],
        "branches": {
        }
      },
      "/Users/geronimo/Projects/pcg/spec/models/user_spec.rb": {
        "lines": [
          1,
          null,
          1,
          1,
          null
        ],
        "branches": {
        }
      },
      "/Users/geronimo/Projects/pcg/spec/requests/accounts_spec.rb": {
        "lines": [
          1,
          null,
          null,
          null,
          null,
          null,
          null,
          null,
          null,
          null,
          null,
          null,
          null,
          null,
          1,
          1,
          null,
          null,
          1,
          7,
          null,
          null,
          1,
          2,
          null,
          null,
          1,
          1,
          1,
          0,
          0,
          null,
          null,
          null,
          1,
          1,
          1,
          0,
          0,
          null,
          null,
          null,
          1,
          1,
          1,
          1,
          1,
          null,
          null,
          null,
          1,
          1,
          0,
          null,
          null,
          null,
          1,
          1,
          1,
          1,
          null,
          null,
          null,
          1,
          1,
          0,
          null,
          null,
          null,
          null,
          1,
          1,
          1,
          0,
          null,
          null,
          1,
          1,
          0,
          0,
          0,
          null,
          null,
          1,
          1,
          0,
          0,
          0,
          null,
          null,
          null,
          1,
          1,
          1,
          0,
          0,
          null,
          null,
          null,
          null
        ],
        "branches": {
        }
      },
      "/Users/geronimo/Projects/pcg/spec/requests/authentication_request_spec.rb": {
        "lines": [
          1,
          null,
          1,
          6,
          6,
          1,
          null,
          3,
          null,
          null,
          null,
          null,
          null,
          null,
          1,
          1,
          3,
          3,
          null,
          null,
          1,
          1,
          null,
          null,
          1,
          1,
          null,
          null,
          1,
          1,
          1,
          null,
          1,
          null,
          null,
          null,
          1,
          1,
          2,
          2,
          null,
          null,
          1,
          1,
          null,
          null,
          1,
          1,
          null,
          null,
          null,
          null,
          1,
          2,
          null,
          1,
          1,
          1,
          null,
          null
        ],
        "branches": {
        }
      },
      "/Users/geronimo/Projects/pcg/spec/requests/calls_spec.rb": {
        "lines": [
          1,
          null,
          null,
          null,
          null,
          null,
          null,
          null,
          null,
          null,
          null,
          null,
          null,
          null,
          1,
          1,
          null,
          null,
          1,
          null,
          null,
          1,
          null,
          null,
          1,
          1,
          null,
          null,
          null,
          null,
          null,
          1,
          1,
          1,
          1,
          1,
          null,
          null,
          null,
          1,
          1,
          1,
          1,
          1,
          null,
          null,
          null,
          1,
          1,
          1,
          null,
          null,
          1,
          1,
          null,
          null,
          null,
          1,
          1,
          1,
          1,
          null,
          null,
          null,
          1,
          1,
          1,
          null,
          null,
          null,
          null,
          1,
          1,
          1,
          2,
          null,
          null,
          1,
          1,
          1,
          0,
          0,
          null,
          null,
          1,
          1,
          1,
          0,
          0,
          null,
          null,
          null,
          1,
          1,
          1,
          1,
          1,
          null,
          null,
          null,
          null
        ],
        "branches": {
        }
      },
      "/Users/geronimo/Projects/pcg/spec/requests/health_request_spec.rb": {
        "lines": [
          1,
          null,
          1,
          null,
          1,
          1,
          0,
          null,
          1,
          2,
          2,
          null,
          null,
          1,
          1,
          null,
          null,
          1,
          1,
          null,
          null,
          null
        ],
        "branches": {
        }
      },
      "/Users/geronimo/Projects/pcg/spec/requests/signup_request_spec.rb": {
        "lines": [
          1,
          null,
          1,
          5,
          1,
          null,
          4,
          null,
          null,
          null,
          null,
          null,
          null,
          null,
          1,
          3,
          null,
          1,
          1,
          null,
          null,
          1,
          1,
          null,
          null,
          null,
          1,
          1,
          2,
          2,
          null,
          null,
          1,
          1,
          null,
          null,
          1,
          1,
          null,
          null,
          null
        ],
        "branches": {
        }
      },
      "/Users/geronimo/Projects/pcg/spec/requests/users_spec.rb": {
        "lines": [
          1,
          null,
          1,
          null,
          null,
          null,
          null,
          null,
          null,
          null,
          null,
          null,
          null,
          null,
          null,
          null,
          1,
          1,
          null,
          null,
          1,
          null,
          3,
          null,
          null,
          null,
          null,
          null,
          1,
          null,
          1,
          null,
          null,
          null,
          1,
          1,
          1,
          1,
          null,
          null,
          null,
          1,
          1,
          1,
          1,
          null,
          null,
          null,
          1,
          1,
          1,
          1,
          null,
          1,
          1,
          1,
          null,
          null,
          1,
          1,
          null,
          1,
          1,
          null,
          null,
          null,
          1,
          1,
          1,
          1,
          null,
          1,
          1,
          null,
          null,
          null,
          null
        ],
        "branches": {
        }
      },
      "/Users/geronimo/Projects/pcg/spec/routing/accounts_routing_spec.rb": {
        "lines": [
          1,
          null,
          1,
          1,
          null,
          1,
          1,
          1,
          null,
          null,
          1,
          1,
          null,
          null,
          1,
          1,
          null,
          null,
          1,
          1,
          null,
          null,
          1,
          1,
          null,
          null,
          null
        ],
        "branches": {
        }
      },
      "/Users/geronimo/Projects/pcg/app/controllers/accounts_controller.rb": {
        "lines": [
          1,
          1,
          1,
          1,
          null,
          null,
          1,
          0,
          0,
          null,
          0,
          null,
          null,
          null,
          null,
          1,
          null,
          null,
          null,
          1,
          0,
          null,
          0,
          0,
          0,
          0,
          null,
          0,
          null,
          null,
          null,
          null,
          null,
          1,
          0,
          0,
          0,
          null,
          0,
          null,
          null,
          null,
          null,
          null,
          1,
          null,
          1,
          0,
          0,
          0,
          null,
          null,
          null,
          1,
          0,
          null,
          null,
          null,
          null,
          null,
          null,
          null,
          null,
          null,
          null,
          null,
          0,
          null,
          null
        ],
        "branches": {
          "[:if, 0, 8, 4, 12, 7]": {
            "[:then, 1, 9, 6, 9, 29]": 0,
            "[:else, 2, 11, 6, 11, 39]": 0
          },
          "[:if, 3, 25, 6, 29, 9]": {
            "[:then, 4, 26, 8, 26, 74]": 0,
            "[:else, 5, 28, 8, 28, 83]": 0
          },
          "[:if, 6, 36, 6, 40, 9]": {
            "[:then, 7, 37, 8, 37, 69]": 0,
            "[:else, 8, 39, 8, 39, 83]": 0
          },
          "[:unless, 9, 49, 4, 49, 99]": {
            "[:else, 10, 49, 4, 49, 99]": 0,
            "[:then, 11, 49, 4, 49, 29]": 0
          }
        }
      },
      "/Users/geronimo/Projects/pcg/app/controllers/application_controller.rb": {
        "lines": [
          1,
          1,
          null,
          1,
          4,
          2,
          null,
          2,
          null,
          null,
          null,
          1,
          2,
          null,
          null,
          null,
          null,
          null,
          null,
          null,
          null,
          null,
          null,
          null,
          1,
          1,
          0,
          null,
          null
        ],
        "branches": {
          "[:if, 0, 5, 4, 9, 7]": {
            "[:then, 1, 6, 6, 6, 27]": 2,
            "[:else, 2, 8, 6, 8, 32]": 2
          },
          "[:unless, 3, 27, 4, 27, 77]": {
            "[:else, 4, 27, 4, 27, 77]": 0,
            "[:then, 5, 27, 4, 27, 26]": 0
          }
        }
      },
      "/Users/geronimo/Projects/pcg/spec/routing/calls_routing_spec.rb": {
        "lines": [
          1,
          null,
          1,
          1,
          null,
          1,
          1,
          1,
          null,
          null,
          1,
          1,
          null,
          null,
          1,
          1,
          null,
          null,
          1,
          1,
          null,
          null,
          1,
          1,
          null,
          null,
          null
        ],
        "branches": {
        }
      },
      "/Users/geronimo/Projects/pcg/app/controllers/calls_controller.rb": {
        "lines": [
          1,
          null,
          1,
          1,
          1,
          1,
          null,
          null,
          1,
          0,
          0,
          null,
          null,
          null,
          1,
          null,
          null,
          null,
          1,
          4,
          4,
          null,
          null,
          4,
          null,
          null,
          null,
          1,
          1,
          null,
          2,
          null,
          0,
          null,
          null,
          null,
          null,
          1,
          null,
          1,
          6,
          null,
          null,
          null,
          1,
          8,
          null,
          null,
          null,
          null,
          null,
          null,
          null,
          null,
          null,
          null,
          null,
          null,
          null,
          null,
          8,
          null,
          null,
          1,
          0,
          null,
          null,
          null,
          null,
          null,
          null,
          null,
          null,
          1,
          6,
          6,
          null,
          0,
          null,
          null,
          6,
          null,
          null
        ],
        "branches": {
          "[:if, 0, 75, 4, 79, 7]": {
            "[:then, 1, 76, 6, 76, 64]": 6,
            "[:else, 2, 78, 6, 78, 38]": 0
          }
        }
      },
      "/Users/geronimo/Projects/pcg/app/controllers/sessions_controller.rb": {
        "lines": [
          1,
          1,
          null,
          1,
          null,
          1,
          3,
          null,
          null,
          1,
          1,
          null,
          null
        ],
        "branches": {
        }
      },
      "/Users/geronimo/Projects/pcg/app/controllers/health_controller.rb": {
        "lines": [
          1,
          1,
          2,
          null,
          null
        ],
        "branches": {
        }
      },
      "/Users/geronimo/Projects/pcg/app/controllers/registrations_controller.rb": {
        "lines": [
          1,
          1,
          null,
          1,
          4,
          null,
          4,
          4,
          null,
          null,
          1,
          null,
          null,
          1,
          4,
          null,
          null
        ],
        "branches": {
        }
      },
      "/Users/geronimo/Projects/pcg/app/controllers/users_controller.rb": {
        "lines": [
          1,
          1,
          1,
          null,
          null,
          null,
          1,
          1,
          1,
          null,
          null,
          null,
          1,
          1,
          null,
          null,
          null,
          1,
          3,
          2,
          null,
          1,
          null,
          null,
          null,
          1,
          null,
          1,
          4,
          null,
          null,
          null,
          1,
          2,
          null,
          null
        ],
        "branches": {
          "[:if, 0, 19, 4, 23, 7]": {
            "[:then, 1, 20, 6, 20, 48]": 2,
            "[:else, 2, 22, 6, 22, 62]": 1
          }
        }
      }
    },
    "timestamp": 1590355732
  }
}
